{"C:\\Users\\Binuri Gunawardena\\Desktop\\CTSE\\HotelReservation_CTSE1\\Backend\\controllers\\authController.js": {"path":"C:\\Users\\Binuri Gunawardena\\Desktop\\CTSE\\HotelReservation_CTSE1\\Backend\\controllers\\authController.js","statementMap":{"0":{"start":{"line":1,"column":12},"end":{"line":1,"column":35}},"1":{"start":{"line":2,"column":13},"end":{"line":2,"column":38}},"2":{"start":{"line":5,"column":22},"end":{"line":9,"column":1}},"3":{"start":{"line":6,"column":2},"end":{"line":8,"column":5}},"4":{"start":{"line":13,"column":0},"end":{"line":49,"column":2}},"5":{"start":{"line":14,"column":59},"end":{"line":14,"column":67}},"6":{"start":{"line":15,"column":2},"end":{"line":15,"column":42}},"7":{"start":{"line":17,"column":2},"end":{"line":48,"column":3}},"8":{"start":{"line":19,"column":25},"end":{"line":19,"column":74}},"9":{"start":{"line":20,"column":4},"end":{"line":22,"column":5}},"10":{"start":{"line":21,"column":6},"end":{"line":21,"column":78}},"11":{"start":{"line":24,"column":17},"end":{"line":31,"column":6}},"12":{"start":{"line":33,"column":4},"end":{"line":33,"column":43}},"13":{"start":{"line":35,"column":4},"end":{"line":43,"column":7}},"14":{"start":{"line":46,"column":4},"end":{"line":46,"column":48}},"15":{"start":{"line":47,"column":4},"end":{"line":47,"column":83}},"16":{"start":{"line":53,"column":0},"end":{"line":79,"column":2}},"17":{"start":{"line":54,"column":30},"end":{"line":54,"column":38}},"18":{"start":{"line":56,"column":2},"end":{"line":78,"column":3}},"19":{"start":{"line":57,"column":17},"end":{"line":57,"column":46}},"20":{"start":{"line":59,"column":4},"end":{"line":61,"column":5}},"21":{"start":{"line":60,"column":6},"end":{"line":60,"column":76}},"22":{"start":{"line":62,"column":18},"end":{"line":62,"column":56}},"23":{"start":{"line":64,"column":4},"end":{"line":74,"column":7}},"24":{"start":{"line":77,"column":4},"end":{"line":77,"column":76}},"25":{"start":{"line":82,"column":0},"end":{"line":89,"column":2}},"26":{"start":{"line":83,"column":2},"end":{"line":88,"column":3}},"27":{"start":{"line":84,"column":18},"end":{"line":84,"column":55}},"28":{"start":{"line":85,"column":4},"end":{"line":85,"column":32}},"29":{"start":{"line":87,"column":4},"end":{"line":87,"column":85}},"30":{"start":{"line":92,"column":0},"end":{"line":110,"column":2}},"31":{"start":{"line":93,"column":49},"end":{"line":93,"column":57}},"32":{"start":{"line":95,"column":2},"end":{"line":109,"column":3}},"33":{"start":{"line":96,"column":24},"end":{"line":100,"column":25}},"34":{"start":{"line":102,"column":4},"end":{"line":104,"column":5}},"35":{"start":{"line":103,"column":6},"end":{"line":103,"column":65}},"36":{"start":{"line":106,"column":4},"end":{"line":106,"column":38}},"37":{"start":{"line":108,"column":4},"end":{"line":108,"column":77}},"38":{"start":{"line":112,"column":0},"end":{"line":124,"column":2}},"39":{"start":{"line":113,"column":2},"end":{"line":123,"column":3}},"40":{"start":{"line":114,"column":24},"end":{"line":114,"column":67}},"41":{"start":{"line":116,"column":4},"end":{"line":118,"column":5}},"42":{"start":{"line":117,"column":6},"end":{"line":117,"column":65}},"43":{"start":{"line":120,"column":4},"end":{"line":120,"column":67}},"44":{"start":{"line":122,"column":4},"end":{"line":122,"column":77}}},"fnMap":{"0":{"name":"(anonymous_0)","decl":{"start":{"line":5,"column":22},"end":{"line":5,"column":23}},"loc":{"start":{"line":5,"column":40},"end":{"line":9,"column":1}},"line":5},"1":{"name":"(anonymous_1)","decl":{"start":{"line":13,"column":23},"end":{"line":13,"column":24}},"loc":{"start":{"line":13,"column":43},"end":{"line":49,"column":1}},"line":13},"2":{"name":"(anonymous_2)","decl":{"start":{"line":53,"column":20},"end":{"line":53,"column":21}},"loc":{"start":{"line":53,"column":40},"end":{"line":79,"column":1}},"line":53},"3":{"name":"(anonymous_3)","decl":{"start":{"line":82,"column":22},"end":{"line":82,"column":23}},"loc":{"start":{"line":82,"column":42},"end":{"line":89,"column":1}},"line":82},"4":{"name":"(anonymous_4)","decl":{"start":{"line":92,"column":21},"end":{"line":92,"column":22}},"loc":{"start":{"line":92,"column":41},"end":{"line":110,"column":1}},"line":92},"5":{"name":"(anonymous_5)","decl":{"start":{"line":112,"column":21},"end":{"line":112,"column":22}},"loc":{"start":{"line":112,"column":41},"end":{"line":124,"column":1}},"line":112}},"branchMap":{"0":{"loc":{"start":{"line":20,"column":4},"end":{"line":22,"column":5}},"type":"if","locations":[{"start":{"line":20,"column":4},"end":{"line":22,"column":5}},{"start":{},"end":{}}],"line":20},"1":{"loc":{"start":{"line":59,"column":4},"end":{"line":61,"column":5}},"type":"if","locations":[{"start":{"line":59,"column":4},"end":{"line":61,"column":5}},{"start":{},"end":{}}],"line":59},"2":{"loc":{"start":{"line":59,"column":8},"end":{"line":59,"column":54}},"type":"binary-expr","locations":[{"start":{"line":59,"column":8},"end":{"line":59,"column":13}},{"start":{"line":59,"column":17},"end":{"line":59,"column":54}}],"line":59},"3":{"loc":{"start":{"line":102,"column":4},"end":{"line":104,"column":5}},"type":"if","locations":[{"start":{"line":102,"column":4},"end":{"line":104,"column":5}},{"start":{},"end":{}}],"line":102},"4":{"loc":{"start":{"line":116,"column":4},"end":{"line":118,"column":5}},"type":"if","locations":[{"start":{"line":116,"column":4},"end":{"line":118,"column":5}},{"start":{},"end":{}}],"line":116}},"s":{"0":1,"1":1,"2":1,"3":2,"4":1,"5":2,"6":2,"7":2,"8":2,"9":2,"10":1,"11":1,"12":1,"13":1,"14":0,"15":0,"16":1,"17":2,"18":2,"19":2,"20":2,"21":1,"22":1,"23":1,"24":0,"25":1,"26":0,"27":0,"28":0,"29":0,"30":1,"31":0,"32":0,"33":0,"34":0,"35":0,"36":0,"37":0,"38":1,"39":0,"40":0,"41":0,"42":0,"43":0,"44":0},"f":{"0":2,"1":2,"2":2,"3":0,"4":0,"5":0},"b":{"0":[1,1],"1":[1,1],"2":[2,1],"3":[0,0],"4":[0,0]},"_coverageSchema":"1a1c01bbd47fc00a2c39e90264f33305004495a9","hash":"c0b7940c0bd87a54d3e59c6e7d722476a030b4c8"}
,"C:\\Users\\Binuri Gunawardena\\Desktop\\CTSE\\HotelReservation_CTSE1\\Backend\\models\\User.js": {"path":"C:\\Users\\Binuri Gunawardena\\Desktop\\CTSE\\HotelReservation_CTSE1\\Backend\\models\\User.js","statementMap":{"0":{"start":{"line":1,"column":17},"end":{"line":1,"column":36}},"1":{"start":{"line":2,"column":15},"end":{"line":2,"column":34}},"2":{"start":{"line":4,"column":19},"end":{"line":39,"column":2}},"3":{"start":{"line":42,"column":0},"end":{"line":47,"column":3}},"4":{"start":{"line":43,"column":2},"end":{"line":43,"column":50}},"5":{"start":{"line":43,"column":36},"end":{"line":43,"column":50}},"6":{"start":{"line":44,"column":15},"end":{"line":44,"column":39}},"7":{"start":{"line":45,"column":2},"end":{"line":45,"column":57}},"8":{"start":{"line":46,"column":2},"end":{"line":46,"column":9}},"9":{"start":{"line":50,"column":0},"end":{"line":52,"column":2}},"10":{"start":{"line":51,"column":2},"end":{"line":51,"column":62}},"11":{"start":{"line":54,"column":0},"end":{"line":54,"column":52}}},"fnMap":{"0":{"name":"(anonymous_0)","decl":{"start":{"line":42,"column":23},"end":{"line":42,"column":24}},"loc":{"start":{"line":42,"column":45},"end":{"line":47,"column":1}},"line":42},"1":{"name":"(anonymous_1)","decl":{"start":{"line":50,"column":35},"end":{"line":50,"column":36}},"loc":{"start":{"line":50,"column":68},"end":{"line":52,"column":1}},"line":50}},"branchMap":{"0":{"loc":{"start":{"line":43,"column":2},"end":{"line":43,"column":50}},"type":"if","locations":[{"start":{"line":43,"column":2},"end":{"line":43,"column":50}},{"start":{},"end":{}}],"line":43}},"s":{"0":1,"1":1,"2":1,"3":1,"4":0,"5":0,"6":0,"7":0,"8":0,"9":1,"10":0,"11":1},"f":{"0":0,"1":0},"b":{"0":[0,0]},"_coverageSchema":"1a1c01bbd47fc00a2c39e90264f33305004495a9","hash":"73cd6604483fe06d0b4a05a787c81d5d682395dc"}
}
