TN:
SF:controllers\authController.js
FN:5,(anonymous_0)
FN:13,(anonymous_1)
FN:53,(anonymous_2)
FN:82,(anonymous_3)
FN:92,(anonymous_4)
FN:112,(anonymous_5)
FNF:6
FNH:3
FNDA:2,(anonymous_0)
FNDA:2,(anonymous_1)
FNDA:2,(anonymous_2)
FNDA:0,(anonymous_3)
FNDA:0,(anonymous_4)
FNDA:0,(anonymous_5)
DA:1,1
DA:2,1
DA:5,1
DA:6,2
DA:13,1
DA:14,2
DA:15,2
DA:17,2
DA:19,2
DA:20,2
DA:21,1
DA:24,1
DA:33,1
DA:35,1
DA:46,0
DA:47,0
DA:53,1
DA:54,2
DA:56,2
DA:57,2
DA:59,2
DA:60,1
DA:62,1
DA:64,1
DA:77,0
DA:82,1
DA:83,0
DA:84,0
DA:85,0
DA:87,0
DA:92,1
DA:93,0
DA:95,0
DA:96,0
DA:102,0
DA:103,0
DA:106,0
DA:108,0
DA:112,1
DA:113,0
DA:114,0
DA:116,0
DA:117,0
DA:120,0
DA:122,0
LF:45
LH:25
BRDA:20,0,0,1
BRDA:20,0,1,1
BRDA:59,1,0,1
BRDA:59,1,1,1
BRDA:59,2,0,2
BRDA:59,2,1,1
BRDA:102,3,0,0
BRDA:102,3,1,0
BRDA:116,4,0,0
BRDA:116,4,1,0
BRF:10
BRH:6
end_of_record
TN:
SF:models\User.js
FN:42,(anonymous_0)
FN:50,(anonymous_1)
FNF:2
FNH:0
FNDA:0,(anonymous_0)
FNDA:0,(anonymous_1)
DA:1,1
DA:2,1
DA:4,1
DA:42,1
DA:43,0
DA:44,0
DA:45,0
DA:46,0
DA:50,1
DA:51,0
DA:54,1
LF:11
LH:6
BRDA:43,0,0,0
BRDA:43,0,1,0
BRF:2
BRH:0
end_of_record
